2025-04-17 20:21:47,448 - data_preprocessing - DEBUG - Data loaded properly
2025-04-17 20:21:47,448 - data_preprocessing - DEBUG - Starting preprocessing for DataFrame
2025-04-17 20:21:47,448 - data_preprocessing - ERROR - Error during text normalization: name 'LabelEncoder' is not defined
2025-04-17 20:21:47,449 - data_preprocessing - ERROR - Failed to complete the data transformation process: name 'LabelEncoder' is not defined
2025-04-21 20:54:54,638 - data_preprocessing - DEBUG - Data loaded properly
2025-04-21 20:54:54,638 - data_preprocessing - DEBUG - Starting preprocessing for DataFrame
2025-04-21 20:54:54,640 - data_preprocessing - ERROR - Column not found: 'target'
2025-04-21 20:54:54,641 - data_preprocessing - ERROR - Failed to complete the data transformation process: 'target'
2025-04-21 20:55:26,254 - data_preprocessing - DEBUG - Data loaded properly
2025-04-21 20:55:26,254 - data_preprocessing - DEBUG - Starting preprocessing for DataFrame
2025-04-21 20:55:26,255 - data_preprocessing - ERROR - Column not found: 'Category'
2025-04-21 20:55:26,255 - data_preprocessing - ERROR - Failed to complete the data transformation process: 'Category'
2025-04-21 20:56:04,997 - data_preprocessing - DEBUG - Data loaded properly
2025-04-21 20:56:05,013 - data_preprocessing - DEBUG - Starting preprocessing for DataFrame
2025-04-21 20:56:05,014 - data_preprocessing - ERROR - Column not found: 'Category'
2025-04-21 20:56:05,014 - data_preprocessing - ERROR - Failed to complete the data transformation process: 'Category'
2025-04-21 20:58:48,961 - data_preprocessing - DEBUG - Data loaded properly
2025-04-21 20:58:48,974 - data_preprocessing - DEBUG - Starting preprocessing for DataFrame
2025-04-21 20:58:48,974 - data_preprocessing - ERROR - Column not found: 'Category'
2025-04-21 20:58:48,974 - data_preprocessing - ERROR - Failed to complete the data transformation process: 'Category'
2025-04-21 21:01:24,507 - data_preprocessing - DEBUG - Data loaded properly
2025-04-21 21:01:24,517 - data_preprocessing - DEBUG - Starting preprocessing for DataFrame
2025-04-21 21:01:24,518 - data_preprocessing - ERROR - Column not found: 'Category'
2025-04-21 21:01:24,519 - data_preprocessing - ERROR - Failed to complete the data transformation process: 'Category'
2025-04-21 21:02:02,564 - data_preprocessing - DEBUG - Data loaded properly
2025-04-21 21:02:02,570 - data_preprocessing - DEBUG - Starting preprocessing for DataFrame
2025-04-21 21:02:02,572 - data_preprocessing - DEBUG - Target column encoded
2025-04-21 21:02:02,579 - data_preprocessing - DEBUG - Duplicates removed
2025-04-21 21:02:12,058 - data_preprocessing - DEBUG - Text column transformed
2025-04-21 21:02:12,058 - data_preprocessing - DEBUG - Starting preprocessing for DataFrame
2025-04-21 21:02:12,059 - data_preprocessing - DEBUG - Target column encoded
2025-04-21 21:02:12,061 - data_preprocessing - DEBUG - Duplicates removed
2025-04-21 21:02:14,686 - data_preprocessing - DEBUG - Text column transformed
2025-04-21 21:02:14,699 - data_preprocessing - DEBUG - Processed data saved to ./data\interim
2025-04-25 01:37:11,297 - data_preprocessing - DEBUG - Data loaded properly
2025-04-25 01:37:11,297 - data_preprocessing - DEBUG - Starting preprocessing for DataFrame
2025-04-25 01:37:11,299 - data_preprocessing - DEBUG - Target column encoded
2025-04-25 01:37:11,307 - data_preprocessing - DEBUG - Duplicates removed
2025-04-25 01:37:43,977 - data_preprocessing - DEBUG - Text column transformed
2025-04-25 01:37:43,977 - data_preprocessing - DEBUG - Starting preprocessing for DataFrame
2025-04-25 01:37:43,977 - data_preprocessing - DEBUG - Target column encoded
2025-04-25 01:37:43,977 - data_preprocessing - DEBUG - Duplicates removed
2025-04-25 01:37:48,918 - data_preprocessing - DEBUG - Text column transformed
2025-04-25 01:37:48,939 - data_preprocessing - DEBUG - Processed data saved to ./data\interim
2025-04-29 00:03:52,351 - data_preprocessing - DEBUG - Data loaded properly
2025-04-29 00:03:52,351 - data_preprocessing - DEBUG - Starting preprocessing for DataFrame
2025-04-29 00:03:52,351 - data_preprocessing - DEBUG - Target column encoded
2025-04-29 00:03:52,357 - data_preprocessing - DEBUG - Duplicates removed
2025-04-29 00:04:04,063 - data_preprocessing - DEBUG - Text column transformed
2025-04-29 00:04:04,063 - data_preprocessing - DEBUG - Starting preprocessing for DataFrame
2025-04-29 00:04:04,063 - data_preprocessing - DEBUG - Target column encoded
2025-04-29 00:04:04,063 - data_preprocessing - DEBUG - Duplicates removed
2025-04-29 00:04:08,114 - data_preprocessing - DEBUG - Text column transformed
2025-04-29 00:04:08,138 - data_preprocessing - DEBUG - Processed data saved to ./data\interim
