2025-04-17 19:09:07,522 - data_ingestion - ERROR - Failed to complete the data ingestion process: name 'load_params' is not defined
2025-04-17 19:11:02,544 - data_ingestion - DEBUG - Data loaded from https://raw.githubusercontent.com/vikashishere/Datasets/main/spam.csv
2025-04-17 19:11:02,547 - data_ingestion - DEBUG - Data preprocessing completed
2025-04-17 19:11:02,587 - data_ingestion - DEBUG - Train and test data saved to ./data\raw
2025-04-21 20:58:38,932 - data_ingestion - DEBUG - Data loaded from https://raw.githubusercontent.com/vikashishere/Datasets/main/spam.csv
2025-04-21 20:58:38,935 - data_ingestion - DEBUG - Data preprocessing completed
2025-04-21 20:58:38,969 - data_ingestion - DEBUG - Train and test data saved to ./data\raw
2025-04-21 21:01:20,008 - data_ingestion - DEBUG - Data loaded from https://raw.githubusercontent.com/vikashishere/Datasets/main/spam.csv
2025-04-21 21:01:20,013 - data_ingestion - DEBUG - Data preprocessing completed
2025-04-21 21:01:20,034 - data_ingestion - DEBUG - Train and test data saved to ./data\raw
2025-04-25 01:37:05,052 - data_ingestion - DEBUG - Data loaded from https://raw.githubusercontent.com/vikashishere/Datasets/main/spam.csv
2025-04-25 01:37:05,058 - data_ingestion - DEBUG - Data preprocessing completed
2025-04-25 01:37:05,098 - data_ingestion - DEBUG - Train and test data saved to ./data\raw
2025-04-28 21:44:01,878 - data_ingestion - ERROR - Failed to complete the data ingestion process: load_params() got an unexpected keyword argument 'params_path'
2025-04-28 21:57:27,958 - data_ingestion - ERROR - Failed to complete the data ingestion process: load_params() got an unexpected keyword argument 'params_path'
2025-04-28 21:58:23,521 - data_ingestion - DEBUG - Params retrived from params.yaml
2025-04-28 21:58:23,521 - data_ingestion - ERROR - Failed to complete the data ingestion process: 'test_size'
2025-04-28 21:58:54,654 - data_ingestion - DEBUG - Params retrived from params.yaml
2025-04-28 21:58:54,655 - data_ingestion - ERROR - Failed to complete the data ingestion process: 'test_size'
2025-04-28 21:59:50,538 - data_ingestion - DEBUG - Params retrived from params.yaml
2025-04-28 21:59:51,562 - data_ingestion - DEBUG - Data loaded from https://raw.githubusercontent.com/vikashishere/Datasets/main/spam.csv
2025-04-28 21:59:51,573 - data_ingestion - DEBUG - Data preprocessing completed
2025-04-28 21:59:51,621 - data_ingestion - DEBUG - Train and test data saved to ./data\raw
2025-05-01 20:03:57,754 - data_ingestion - DEBUG - Params retrived from params.yaml
2025-05-01 20:03:58,646 - data_ingestion - DEBUG - Data loaded from https://raw.githubusercontent.com/vikashishere/Datasets/main/spam.csv
2025-05-01 20:03:58,650 - data_ingestion - DEBUG - Data preprocessing completed
2025-05-01 20:03:58,680 - data_ingestion - DEBUG - Train and test data saved to ./data\raw
2025-05-01 20:28:23,167 - data_ingestion - DEBUG - Params retrived from params.yaml
2025-05-01 20:28:24,017 - data_ingestion - DEBUG - Data loaded from https://raw.githubusercontent.com/vikashishere/Datasets/main/spam.csv
2025-05-01 20:28:24,020 - data_ingestion - DEBUG - Data preprocessing completed
2025-05-01 20:28:24,058 - data_ingestion - DEBUG - Train and test data saved to ./data\raw
